f:\lfsr\lfsr\lfsr\x64\debug\vc142.pdb
f:\lfsr\lfsr\lfsr\x64\debug\vc142.idb
f:\lfsr\lfsr\lfsr\x64\debug\sup_foo.obj
f:\lfsr\lfsr\lfsr\x64\debug\lfsr.obj
f:\lfsr\lfsr\lfsr\x64\debug\struct_for.obj
f:\lfsr\lfsr\lfsr\x64\debug\main_foo.obj
f:\lfsr\lfsr\x64\debug\lfsr.pdb
f:\lfsr\lfsr\lfsr\x64\debug\lfsr.tlog\cl.command.1.tlog
f:\lfsr\lfsr\lfsr\x64\debug\lfsr.tlog\cl.read.1.tlog
f:\lfsr\lfsr\lfsr\x64\debug\lfsr.tlog\cl.write.1.tlog
f:\lfsr\lfsr\lfsr\x64\debug\lfsr.tlog\link-cvtres.read.1.tlog
f:\lfsr\lfsr\lfsr\x64\debug\lfsr.tlog\link-cvtres.write.1.tlog
f:\lfsr\lfsr\lfsr\x64\debug\lfsr.tlog\link-rc.read.1.tlog
f:\lfsr\lfsr\lfsr\x64\debug\lfsr.tlog\link-rc.write.1.tlog
f:\lfsr\lfsr\lfsr\x64\debug\lfsr.tlog\link.16168-cvtres.read.1.tlog
f:\lfsr\lfsr\lfsr\x64\debug\lfsr.tlog\link.16168-cvtres.write.1.tlog
f:\lfsr\lfsr\lfsr\x64\debug\lfsr.tlog\link.16168-rc.read.1.tlog
f:\lfsr\lfsr\lfsr\x64\debug\lfsr.tlog\link.16168-rc.write.1.tlog
f:\lfsr\lfsr\lfsr\x64\debug\lfsr.tlog\link.16168.read.1.tlog
f:\lfsr\lfsr\lfsr\x64\debug\lfsr.tlog\link.16168.write.1.tlog
f:\lfsr\lfsr\lfsr\x64\debug\lfsr.tlog\link.command.1.tlog
f:\lfsr\lfsr\lfsr\x64\debug\lfsr.tlog\link.read.1.tlog
f:\lfsr\lfsr\lfsr\x64\debug\lfsr.tlog\link.write.1.tlog
